Vivado Simulator 2015.2
Copyright 1986-1999, 2001-2015 Xilinx, Inc. All Rights Reserved.
Running: /softwares/Linux/xilinx/Vivado/2015.2/bin/unwrapped/lnx64.o/xelab -wto e8833924969e4270952097afb4f68d10 --debug typical --relax --mt 8 -L xil_defaultlib -L secureip --snapshot pooling_tb_behav xil_defaultlib.pooling_tb -log elaborate.log 
Using 8 slave threads.
Starting static elaboration
Completed static elaboration
Starting simulation data flow analysis
Completed simulation data flow analysis
Time Resolution for simulation is 1ps
Compiling package std.standard
Compiling package ieee.std_logic_1164
Compiling package ieee.numeric_std
Compiling package ieee_proposed.fixed_float_types
Compiling package std.textio
WARNING: [XSIM 43-3360] "/proj/xhdhdstaff/saikatb/verific_integ/data/vhdl/src/ieee/distributable/fixed_pkg_c.vhd" Line 2038. Attribute instance_name is treated as path_name.
WARNING: [XSIM 43-3360] "/proj/xhdhdstaff/saikatb/verific_integ/data/vhdl/src/ieee/distributable/fixed_pkg_c.vhd" Line 2057. Attribute instance_name is treated as path_name.
WARNING: [XSIM 43-3360] "/proj/xhdhdstaff/saikatb/verific_integ/data/vhdl/src/ieee/distributable/fixed_pkg_c.vhd" Line 2325. Attribute instance_name is treated as path_name.
WARNING: [XSIM 43-3360] "/proj/xhdhdstaff/saikatb/verific_integ/data/vhdl/src/ieee/distributable/fixed_pkg_c.vhd" Line 4435. Attribute instance_name is treated as path_name.
WARNING: [XSIM 43-3360] "/proj/xhdhdstaff/saikatb/verific_integ/data/vhdl/src/ieee/distributable/fixed_pkg_c.vhd" Line 4535. Attribute instance_name is treated as path_name.
Compiling package ieee_proposed.fixed_pkg
Compiling package ieee.math_real
Compiling architecture behavioral of entity xil_defaultlib.buffer_cnn [\buffer_cnn(8,8)\]
Compiling architecture behavioral of entity xil_defaultlib.pooling [\pooling(6,3,2,8,8)\]
Compiling architecture behavior of entity xil_defaultlib.pooling_tb
Built simulation snapshot pooling_tb_behav
