Vivado Simulator 2015.2
Copyright 1986-1999, 2001-2015 Xilinx, Inc. All Rights Reserved.
Running: /softwares/Linux/xilinx/Vivado/2015.2/bin/unwrapped/lnx64.o/xelab -wto db17c739775247b4a40aec0d76575d4a --debug typical --relax --mt 8 -L xil_defaultlib -L secureip --snapshot conv_layer_tb_wo_sig_behav xil_defaultlib.conv_layer_tb_wo_sig -log elaborate.log 
Using 8 slave threads.
Starting static elaboration
Completed static elaboration
Starting simulation data flow analysis
Completed simulation data flow analysis
Time Resolution for simulation is 1ps
Compiling package std.standard
Compiling package ieee.std_logic_1164
Compiling package ieee.numeric_std
Compiling package ieee_proposed.fixed_float_types
Compiling package std.textio
WARNING: [XSIM 43-3360] "/proj/xhdhdstaff/saikatb/verific_integ/data/vhdl/src/ieee/distributable/fixed_pkg_c.vhd" Line 2038. Attribute instance_name is treated as path_name.
WARNING: [XSIM 43-3360] "/proj/xhdhdstaff/saikatb/verific_integ/data/vhdl/src/ieee/distributable/fixed_pkg_c.vhd" Line 2057. Attribute instance_name is treated as path_name.
WARNING: [XSIM 43-3360] "/proj/xhdhdstaff/saikatb/verific_integ/data/vhdl/src/ieee/distributable/fixed_pkg_c.vhd" Line 2325. Attribute instance_name is treated as path_name.
WARNING: [XSIM 43-3360] "/proj/xhdhdstaff/saikatb/verific_integ/data/vhdl/src/ieee/distributable/fixed_pkg_c.vhd" Line 4107. Attribute instance_name is treated as path_name.
WARNING: [XSIM 43-3360] "/proj/xhdhdstaff/saikatb/verific_integ/data/vhdl/src/ieee/distributable/fixed_pkg_c.vhd" Line 4113. Attribute instance_name is treated as path_name.
WARNING: [XSIM 43-3360] "/proj/xhdhdstaff/saikatb/verific_integ/data/vhdl/src/ieee/distributable/fixed_pkg_c.vhd" Line 4219. Attribute instance_name is treated as path_name.
WARNING: [XSIM 43-3360] "/proj/xhdhdstaff/saikatb/verific_integ/data/vhdl/src/ieee/distributable/fixed_pkg_c.vhd" Line 4225. Attribute instance_name is treated as path_name.
WARNING: [XSIM 43-3360] "/proj/xhdhdstaff/saikatb/verific_integ/data/vhdl/src/ieee/distributable/fixed_pkg_c.vhd" Line 4275. Attribute instance_name is treated as path_name.
WARNING: [XSIM 43-3360] "/proj/xhdhdstaff/saikatb/verific_integ/data/vhdl/src/ieee/distributable/fixed_pkg_c.vhd" Line 4281. Attribute instance_name is treated as path_name.
WARNING: [XSIM 43-3360] "/proj/xhdhdstaff/saikatb/verific_integ/data/vhdl/src/ieee/distributable/fixed_pkg_c.vhd" Line 4435. Attribute instance_name is treated as path_name.
WARNING: [XSIM 43-3360] "/proj/xhdhdstaff/saikatb/verific_integ/data/vhdl/src/ieee/distributable/fixed_pkg_c.vhd" Line 4535. Attribute instance_name is treated as path_name.
WARNING: [XSIM 43-3360] "/proj/xhdhdstaff/saikatb/verific_integ/data/vhdl/src/ieee/distributable/fixed_pkg_c.vhd" Line 5127. Attribute instance_name is treated as path_name.
Compiling package ieee_proposed.fixed_pkg
Compiling package ieee.math_real
Compiling package ieee_proposed.float_pkg
Compiling package ieee.std_logic_arith
Compiling package ieee.std_logic_unsigned
Compiling architecture behavioral of entity xil_defaultlib.mac [\mac(8,8)\]
Compiling architecture behavioral of entity xil_defaultlib.sfixed_buffer [\sfixed_buffer(8,8)\]
Compiling architecture behavioral of entity xil_defaultlib.sfixed_shift_registers [\sfixed_shift_registers(5,8,8)\]
Compiling architecture behavioral of entity xil_defaultlib.conv_controller [\conv_controller(8,3)\]
Compiling architecture behavioral of entity xil_defaultlib.convolution [\convolution(8,3,8,8)\]
Compiling architecture behavioral of entity xil_defaultlib.sfixed_fifo [\sfixed_fifo(8,8,1)\]
Compiling architecture behavioral of entity xil_defaultlib.tan_h [\tan_h(8,8)\]
Compiling architecture behavioral of entity xil_defaultlib.average_pooler [\average_pooler(6,3,2,8,8)\]
Compiling architecture behavioral of entity xil_defaultlib.convolution_layer [\convolution_layer(8,3,2,8,8)\]
Compiling architecture behavior of entity xil_defaultlib.conv_layer_tb_wo_sig
Built simulation snapshot conv_layer_tb_wo_sig_behav
