Vivado Simulator 2015.2
Time resolution is 1 ps
Warning: :fixed_pkg:"<=": metavalue detected, returning FALSE
Time: 500 ps  Iteration: 1  Process: /conv_layer_tb_wo_sig/conv_layer/activation_function/calculate_terms_c2  File: /home/grads/p/prateek_24prasad/ml_new/src/tan_h.vhd
Warning: :fixed_pkg:"<=": metavalue detected, returning FALSE
Time: 500 ps  Iteration: 1  Process: /conv_layer_tb_wo_sig/conv_layer/activation_function/calculate_terms_c2  File: /home/grads/p/prateek_24prasad/ml_new/src/tan_h.vhd
Warning: :fixed_pkg:"<=": metavalue detected, returning FALSE
Time: 500 ps  Iteration: 1  Process: /conv_layer_tb_wo_sig/conv_layer/activation_function2/calculate_terms_c2  File: /home/grads/p/prateek_24prasad/ml_new/src/tan_h.vhd
Warning: :fixed_pkg:"<=": metavalue detected, returning FALSE
Time: 500 ps  Iteration: 1  Process: /conv_layer_tb_wo_sig/conv_layer/activation_function2/calculate_terms_c2  File: /home/grads/p/prateek_24prasad/ml_new/src/tan_h.vhd
Warning: :fixed_pkg:"<=": metavalue detected, returning FALSE
Time: 1500 ps  Iteration: 1  Process: /conv_layer_tb_wo_sig/conv_layer/activation_function/calculate_terms_c2  File: /home/grads/p/prateek_24prasad/ml_new/src/tan_h.vhd
Warning: :fixed_pkg:"<=": metavalue detected, returning FALSE
Time: 1500 ps  Iteration: 1  Process: /conv_layer_tb_wo_sig/conv_layer/activation_function/calculate_terms_c2  File: /home/grads/p/prateek_24prasad/ml_new/src/tan_h.vhd
Warning: :fixed_pkg:"<=": metavalue detected, returning FALSE
Time: 1500 ps  Iteration: 1  Process: /conv_layer_tb_wo_sig/conv_layer/activation_function2/calculate_terms_c2  File: /home/grads/p/prateek_24prasad/ml_new/src/tan_h.vhd
Warning: :fixed_pkg:"<=": metavalue detected, returning FALSE
Time: 1500 ps  Iteration: 1  Process: /conv_layer_tb_wo_sig/conv_layer/activation_function2/calculate_terms_c2  File: /home/grads/p/prateek_24prasad/ml_new/src/tan_h.vhd
Warning: :fixed_pkg:"<=": metavalue detected, returning FALSE
Time: 2500 ps  Iteration: 1  Process: /conv_layer_tb_wo_sig/conv_layer/activation_function/calculate_terms_c2  File: /home/grads/p/prateek_24prasad/ml_new/src/tan_h.vhd
Warning: :fixed_pkg:"<=": metavalue detected, returning FALSE
Time: 2500 ps  Iteration: 1  Process: /conv_layer_tb_wo_sig/conv_layer/activation_function/calculate_terms_c2  File: /home/grads/p/prateek_24prasad/ml_new/src/tan_h.vhd
Warning: :fixed_pkg:"<=": metavalue detected, returning FALSE
Time: 2500 ps  Iteration: 1  Process: /conv_layer_tb_wo_sig/conv_layer/activation_function2/calculate_terms_c2  File: /home/grads/p/prateek_24prasad/ml_new/src/tan_h.vhd
Warning: :fixed_pkg:"<=": metavalue detected, returning FALSE
Time: 2500 ps  Iteration: 1  Process: /conv_layer_tb_wo_sig/conv_layer/activation_function2/calculate_terms_c2  File: /home/grads/p/prateek_24prasad/ml_new/src/tan_h.vhd
Warning: :fixed_pkg:"<=": metavalue detected, returning FALSE
Time: 3500 ps  Iteration: 1  Process: /conv_layer_tb_wo_sig/conv_layer/activation_function/calculate_terms_c2  File: /home/grads/p/prateek_24prasad/ml_new/src/tan_h.vhd
Warning: :fixed_pkg:"<=": metavalue detected, returning FALSE
Time: 3500 ps  Iteration: 1  Process: /conv_layer_tb_wo_sig/conv_layer/activation_function/calculate_terms_c2  File: /home/grads/p/prateek_24prasad/ml_new/src/tan_h.vhd
Warning: :fixed_pkg:"<=": metavalue detected, returning FALSE
Time: 3500 ps  Iteration: 1  Process: /conv_layer_tb_wo_sig/conv_layer/activation_function2/calculate_terms_c2  File: /home/grads/p/prateek_24prasad/ml_new/src/tan_h.vhd
Warning: :fixed_pkg:"<=": metavalue detected, returning FALSE
Time: 3500 ps  Iteration: 1  Process: /conv_layer_tb_wo_sig/conv_layer/activation_function2/calculate_terms_c2  File: /home/grads/p/prateek_24prasad/ml_new/src/tan_h.vhd
Warning: :fixed_pkg:"<=": metavalue detected, returning FALSE
Time: 4500 ps  Iteration: 1  Process: /conv_layer_tb_wo_sig/conv_layer/activation_function/calculate_terms_c2  File: /home/grads/p/prateek_24prasad/ml_new/src/tan_h.vhd
Warning: :fixed_pkg:"<=": metavalue detected, returning FALSE
Time: 4500 ps  Iteration: 1  Process: /conv_layer_tb_wo_sig/conv_layer/activation_function/calculate_terms_c2  File: /home/grads/p/prateek_24prasad/ml_new/src/tan_h.vhd
Warning: :fixed_pkg:"<=": metavalue detected, returning FALSE
Time: 4500 ps  Iteration: 1  Process: /conv_layer_tb_wo_sig/conv_layer/activation_function2/calculate_terms_c2  File: /home/grads/p/prateek_24prasad/ml_new/src/tan_h.vhd
Warning: :fixed_pkg:"<=": metavalue detected, returning FALSE
Time: 4500 ps  Iteration: 1  Process: /conv_layer_tb_wo_sig/conv_layer/activation_function2/calculate_terms_c2  File: /home/grads/p/prateek_24prasad/ml_new/src/tan_h.vhd
Warning: :fixed_pkg:"<=": metavalue detected, returning FALSE
Time: 5500 ps  Iteration: 1  Process: /conv_layer_tb_wo_sig/conv_layer/activation_function/calculate_terms_c2  File: /home/grads/p/prateek_24prasad/ml_new/src/tan_h.vhd
Warning: :fixed_pkg:"<=": metavalue detected, returning FALSE
Time: 5500 ps  Iteration: 1  Process: /conv_layer_tb_wo_sig/conv_layer/activation_function/calculate_terms_c2  File: /home/grads/p/prateek_24prasad/ml_new/src/tan_h.vhd
Warning: :fixed_pkg:"<=": metavalue detected, returning FALSE
Time: 6500 ps  Iteration: 1  Process: /conv_layer_tb_wo_sig/conv_layer/activation_function/calculate_terms_c2  File: /home/grads/p/prateek_24prasad/ml_new/src/tan_h.vhd
Warning: :fixed_pkg:"<=": metavalue detected, returning FALSE
Time: 6500 ps  Iteration: 1  Process: /conv_layer_tb_wo_sig/conv_layer/activation_function/calculate_terms_c2  File: /home/grads/p/prateek_24prasad/ml_new/src/tan_h.vhd
